<?xml version="1.0" encoding="UTF-8"?>
<!-- Generated by org.testng.reporters.JUnitXMLReporter -->
<testsuite ignored="0" hostname="AAP-55580J3" failures="1" tests="1" name="chromeTest" time="47.752" errors="0" timestamp="2026-07-29T03:25:07 IST">
  <testcase classname="testBase.BaseClass" name="@AfterClass teardown" time="7.624">
    <failure type="org.openqa.selenium.remote.UnreachableBrowserException" message="Error communicating with the remote browser. It may have died.
Build info: version: &amp;apos;4.46.0&amp;apos;, revision: &amp;apos;df5a634 df5a6341cbb5f8f06b836bd595752775627c80dc&amp;apos;
System info: os.name: &amp;apos;Windows 11&amp;apos;, os.arch: &amp;apos;amd64&amp;apos;, os.version: &amp;apos;10.0&amp;apos;, java.version: &amp;apos;21.0.8&amp;apos;
Driver info: org.openqa.selenium.remote.RemoteWebDriver
Command: [4b5367a9-5331-4d86-ae59-6c5830ee509a, quit []]
Capabilities {acceptInsecureCerts: false, browserName: firefox, browserVersion: 152.0.6, moz:accessibilityChecks: false, moz:buildID: 20260713164047, moz:geckodriverVersion: 0.37.1, moz:headless: false, moz:platformVersion: 10.0, moz:processID: 25732, moz:profile: C:\Users\meahmad\AppData\Lo..., moz:shutdownTimeout: 60000, moz:webdriverClick: true, moz:windowless: false, pageLoadStrategy: normal, platformName: Windows 11, proxy: Proxy(), se:bidiEnabled: false, se:cdpEnabled: false, setWindowRect: true, strictFileInteractability: false, timeouts: {implicit: 0, pageLoad: 300000, script: 30000}, unhandledPromptBehavior: dismiss and notify, userAgent: Mozilla/5.0 (Windows NT 10....}
Session ID: 4b5367a9-5331-4d86-ae59-6c5830ee509a">
      <![CDATA[org.openqa.selenium.remote.UnreachableBrowserException: Error communicating with the remote browser. It may have died.
Build info: version: '4.46.0', revision: 'df5a634 df5a6341cbb5f8f06b836bd595752775627c80dc'
System info: os.name: 'Windows 11', os.arch: 'amd64', os.version: '10.0', java.version: '21.0.8'
Driver info: org.openqa.selenium.remote.RemoteWebDriver
Command: [4b5367a9-5331-4d86-ae59-6c5830ee509a, quit []]
Capabilities {acceptInsecureCerts: false, browserName: firefox, browserVersion: 152.0.6, moz:accessibilityChecks: false, moz:buildID: 20260713164047, moz:geckodriverVersion: 0.37.1, moz:headless: false, moz:platformVersion: 10.0, moz:processID: 25732, moz:profile: C:\Users\meahmad\AppData\Lo..., moz:shutdownTimeout: 60000, moz:webdriverClick: true, moz:windowless: false, pageLoadStrategy: normal, platformName: Windows 11, proxy: Proxy(), se:bidiEnabled: false, se:cdpEnabled: false, setWindowRect: true, strictFileInteractability: false, timeouts: {implicit: 0, pageLoad: 300000, script: 30000}, unhandledPromptBehavior: dismiss and notify, userAgent: Mozilla/5.0 (Windows NT 10....}
Session ID: 4b5367a9-5331-4d86-ae59-6c5830ee509a
at org.openqa.selenium.remote.RemoteWebDriver.execute(RemoteWebDriver.java:662)
at org.openqa.selenium.remote.RemoteWebDriver.execute(RemoteWebDriver.java:708)
at org.openqa.selenium.remote.RemoteWebDriver.execute(RemoteWebDriver.java:712)
at org.openqa.selenium.remote.RemoteWebDriver.quit(RemoteWebDriver.java:525)
at testBase.BaseClass.teardown(BaseClass.java:118)
at java.base/java.util.ArrayList.forEach(ArrayList.java:1596)
at java.base/java.util.concurrent.FutureTask.run(FutureTask.java:317)
at java.base/java.util.concurrent.ThreadPoolExecutor.runWorker(ThreadPoolExecutor.java:1144)
at java.base/java.util.concurrent.ThreadPoolExecutor$Worker.run(ThreadPoolExecutor.java:642)
at java.base/java.lang.Thread.run(Thread.java:1583)
Caused by: java.util.concurrent.RejectedExecutionException: Task java.util.concurrent.FutureTask@686a9d5b[Not completed, task = java.util.concurrent.Executors$RunnableAdapter@7b79de46[Wrapped task = org.openqa.selenium.remote.http.jdk.JdkHttpClient$$Lambda/0x000001e2df3b30a8@7152c012]] rejected from java.util.concurrent.ThreadPoolExecutor@7102393[Shutting down, pool size = 2, active threads = 1, queued tasks = 0, completed tasks = 51]
at java.base/java.util.concurrent.ThreadPoolExecutor$AbortPolicy.rejectedExecution(ThreadPoolExecutor.java:2081)
at java.base/java.util.concurrent.ThreadPoolExecutor.reject(ThreadPoolExecutor.java:841)
at java.base/java.util.concurrent.ThreadPoolExecutor.execute(ThreadPoolExecutor.java:1376)
at java.base/java.util.concurrent.AbstractExecutorService.submit(AbstractExecutorService.java:123)
at org.openqa.selenium.remote.http.jdk.JdkHttpClient.close(JdkHttpClient.java:604)
at org.openqa.selenium.remote.tracing.TracedHttpClient.close(TracedHttpClient.java:75)
at org.openqa.selenium.remote.HttpCommandExecutor.execute(HttpCommandExecutor.java:206)
at org.openqa.selenium.remote.TracedCommandExecutor.execute(TracedCommandExecutor.java:51)
at org.openqa.selenium.remote.RemoteWebDriver.execute(RemoteWebDriver.java:626)
... 23 more
... Removed 14 stack frames]]>
    </failure>
  </testcase> <!-- @AfterClass teardown -->
  <testcase classname="testBase.BaseClass" name="@AfterClass teardown" time="4.401">
    <failure type="org.openqa.selenium.NoSuchSessionException" message="Tried to run command without establishing a connection
Build info: version: &amp;apos;4.46.0&amp;apos;, revision: &amp;apos;df5a634 df5a6341cbb5f8f06b836bd595752775627c80dc&amp;apos;
System info: os.name: &amp;apos;Windows 11&amp;apos;, os.arch: &amp;apos;amd64&amp;apos;, os.version: &amp;apos;10.0&amp;apos;, java.version: &amp;apos;21.0.8&amp;apos;
Driver info: org.openqa.selenium.remote.RemoteWebDriver
Command: [4b5367a9-5331-4d86-ae59-6c5830ee509a, quit {}]
Capabilities {acceptInsecureCerts: false, browserName: firefox, browserVersion: 152.0.6, moz:accessibilityChecks: false, moz:buildID: 20260713164047, moz:geckodriverVersion: 0.37.1, moz:headless: false, moz:platformVersion: 10.0, moz:processID: 25732, moz:profile: C:\Users\meahmad\AppData\Lo..., moz:shutdownTimeout: 60000, moz:webdriverClick: true, moz:windowless: false, pageLoadStrategy: normal, platformName: Windows 11, proxy: Proxy(), se:bidiEnabled: false, se:cdpEnabled: false, setWindowRect: true, strictFileInteractability: false, timeouts: {implicit: 0, pageLoad: 300000, script: 30000}, unhandledPromptBehavior: dismiss and notify, userAgent: Mozilla/5.0 (Windows NT 10....}
Session ID: 4b5367a9-5331-4d86-ae59-6c5830ee509a">
      <![CDATA[org.openqa.selenium.NoSuchSessionException: Tried to run command without establishing a connection
Build info: version: '4.46.0', revision: 'df5a634 df5a6341cbb5f8f06b836bd595752775627c80dc'
System info: os.name: 'Windows 11', os.arch: 'amd64', os.version: '10.0', java.version: '21.0.8'
Driver info: org.openqa.selenium.remote.RemoteWebDriver
Command: [4b5367a9-5331-4d86-ae59-6c5830ee509a, quit {}]
Capabilities {acceptInsecureCerts: false, browserName: firefox, browserVersion: 152.0.6, moz:accessibilityChecks: false, moz:buildID: 20260713164047, moz:geckodriverVersion: 0.37.1, moz:headless: false, moz:platformVersion: 10.0, moz:processID: 25732, moz:profile: C:\Users\meahmad\AppData\Lo..., moz:shutdownTimeout: 60000, moz:webdriverClick: true, moz:windowless: false, pageLoadStrategy: normal, platformName: Windows 11, proxy: Proxy(), se:bidiEnabled: false, se:cdpEnabled: false, setWindowRect: true, strictFileInteractability: false, timeouts: {implicit: 0, pageLoad: 300000, script: 30000}, unhandledPromptBehavior: dismiss and notify, userAgent: Mozilla/5.0 (Windows NT 10....}
Session ID: 4b5367a9-5331-4d86-ae59-6c5830ee509a
at org.openqa.selenium.remote.ErrorCodec.decode(ErrorCodec.java:169)
at org.openqa.selenium.remote.codec.w3c.W3CHttpResponseCodec.decode(W3CHttpResponseCodec.java:143)
at org.openqa.selenium.remote.codec.w3c.W3CHttpResponseCodec.decode(W3CHttpResponseCodec.java:50)
at org.openqa.selenium.remote.HttpCommandExecutor.execute(HttpCommandExecutor.java:196)
at org.openqa.selenium.remote.TracedCommandExecutor.execute(TracedCommandExecutor.java:51)
at org.openqa.selenium.remote.RemoteWebDriver.execute(RemoteWebDriver.java:626)
at org.openqa.selenium.remote.RemoteWebDriver.execute(RemoteWebDriver.java:708)
at org.openqa.selenium.remote.RemoteWebDriver.execute(RemoteWebDriver.java:712)
at org.openqa.selenium.remote.RemoteWebDriver.quit(RemoteWebDriver.java:525)
at testBase.BaseClass.teardown(BaseClass.java:118)
at java.base/java.util.ArrayList.forEach(ArrayList.java:1596)
at java.base/java.util.concurrent.FutureTask.run(FutureTask.java:317)
at java.base/java.util.concurrent.ThreadPoolExecutor.runWorker(ThreadPoolExecutor.java:1144)
at java.base/java.util.concurrent.ThreadPoolExecutor$Worker.run(ThreadPoolExecutor.java:642)
at java.base/java.lang.Thread.run(Thread.java:1583)
... Removed 14 stack frames]]>
    </failure>
  </testcase> <!-- @AfterClass teardown -->
  <testcase classname="testCases.TC001_AccountRegistrationTest" name="verify_account_registration" time="22.99">
    <failure type="java.lang.AssertionError" message="null">
      <![CDATA[java.lang.AssertionError: null
at testCases.TC001_AccountRegistrationTest.verify_account_registration(TC001_AccountRegistrationTest.java:62)
at java.base/java.util.ArrayList.forEach(ArrayList.java:1596)
at java.base/java.util.concurrent.FutureTask.run(FutureTask.java:317)
at java.base/java.util.concurrent.ThreadPoolExecutor.runWorker(ThreadPoolExecutor.java:1144)
at java.base/java.util.concurrent.ThreadPoolExecutor$Worker.run(ThreadPoolExecutor.java:642)
at java.base/java.lang.Thread.run(Thread.java:1583)
... Removed 17 stack frames]]>
    </failure>
  </testcase> <!-- verify_account_registration -->
</testsuite> <!-- chromeTest -->
