<?xml version="1.0" encoding="UTF-8"?>
<!-- Generated by org.testng.reporters.JUnitXMLReporter -->
<testsuite ignored="0" hostname="AAP-55580J3" failures="0" tests="5" name="Test" time="47.528" errors="0" timestamp="2026-07-28T01:43:28 IST">
  <testcase classname="testCases.TC003_LoginDDT" name="verifyLogin_DDT" time="2.445"/>
  <testcase classname="testCases.TC003_LoginDDT" name="verifyLogin_DDT" time="10.766"/>
  <testcase classname="testCases.TC003_LoginDDT" name="verifyLogin_DDT" time="10.68"/>
  <testcase classname="testCases.TC003_LoginDDT" name="verifyLogin_DDT" time="11.915"/>
  <testcase classname="testCases.TC003_LoginDDT" name="verifyLogin_DDT" time="2.637"/>
</testsuite> <!-- Test -->
