<?xml version="1.0" encoding="UTF-8"?>
<testng-results ignored="0" total="1" passed="1" failed="0" skipped="0">
  <reporter-output>
  </reporter-output>
  <suite started-at="2026-07-26T20:39:04 IST" name="Default suite" finished-at="2026-07-26T20:39:11 IST" duration-ms="7682">
    <groups>
    </groups>
    <test started-at="2026-07-26T20:39:04 IST" name="Default test" finished-at="2026-07-26T20:39:11 IST" duration-ms="7682">
      <class name="testCases.TC001_AccountRegistrationTest">
        <test-method is-config="true" signature="setup()[pri:0, instance:testCases.TC001_AccountRegistrationTest@3b0090a4]" started-at="2026-07-26T20:39:04 IST" name="setup" finished-at="2026-07-26T20:39:08 IST" duration-ms="4086" status="PASS">
          <reporter-output>
          </reporter-output>
        </test-method> <!-- setup -->
        <test-method signature="verify_account_registration()[pri:1, instance:testCases.TC001_AccountRegistrationTest@3b0090a4]" started-at="2026-07-26T20:39:08 IST" name="verify_account_registration" finished-at="2026-07-26T20:39:11 IST" duration-ms="3250" status="PASS">
          <reporter-output>
          </reporter-output>
        </test-method> <!-- verify_account_registration -->
        <test-method is-config="true" signature="teardown()[pri:0, instance:testCases.TC001_AccountRegistrationTest@3b0090a4]" started-at="2026-07-26T20:39:11 IST" name="teardown" finished-at="2026-07-26T20:39:11 IST" duration-ms="291" status="PASS">
          <reporter-output>
          </reporter-output>
        </test-method> <!-- teardown -->
      </class> <!-- testCases.TC001_AccountRegistrationTest -->
    </test> <!-- Default test -->
  </suite> <!-- Default suite -->
</testng-results>
