<?xml version="1.0" encoding="UTF-8"?>
<!-- Generated by org.testng.reporters.JUnitReportReporter -->
<testsuite hostname="AAP-55580J3" failures="0" tests="5" name="testCases.TC003_LoginDDT" time="39.551" errors="0" timestamp="2026-07-29T03:01:39 IST" skipped="0">
  <testcase classname="testCases.TC003_LoginDDT" name="verifyLogin_DDT" time="2.411"/>
  <testcase classname="testCases.TC003_LoginDDT" name="verifyLogin_DDT" time="11.888"/>
  <testcase classname="testCases.TC003_LoginDDT" name="verifyLogin_DDT" time="2.244"/>
  <testcase classname="testCases.TC003_LoginDDT" name="verifyLogin_DDT" time="11.617"/>
  <testcase classname="testCases.TC003_LoginDDT" name="verifyLogin_DDT" time="11.391"/>
</testsuite> <!-- testCases.TC003_LoginDDT -->
