<?xml version="1.0" encoding="UTF-8"?>
<!-- Generated by org.testng.reporters.JUnitReportReporter -->
<testsuite hostname="AAP-55580J3" failures="0" tests="5" name="testCases.TC003_LoginDDT" time="38.443" errors="0" timestamp="2026-07-28T01:43:28 IST" skipped="0">
  <testcase classname="testCases.TC003_LoginDDT" name="verifyLogin_DDT" time="2.637"/>
  <testcase classname="testCases.TC003_LoginDDT" name="verifyLogin_DDT" time="10.680"/>
  <testcase classname="testCases.TC003_LoginDDT" name="verifyLogin_DDT" time="11.915"/>
  <testcase classname="testCases.TC003_LoginDDT" name="verifyLogin_DDT" time="2.445"/>
  <testcase classname="testCases.TC003_LoginDDT" name="verifyLogin_DDT" time="10.766"/>
</testsuite> <!-- testCases.TC003_LoginDDT -->
